2023-05-19 10:53:44,620 DEBUG matplotlib matplotlib data path: C:\Users\karth\AppData\Roaming\Python\Python310\site-packages\matplotlib\mpl-data
2023-05-19 10:53:44,624 DEBUG matplotlib CONFIGDIR=C:\Users\karth\.matplotlib
2023-05-19 10:53:44,627 DEBUG matplotlib interactive is False
2023-05-19 10:53:44,627 DEBUG matplotlib platform is win32
2023-05-19 10:53:44,644 DEBUG graphviz._tools deprecate positional args: graphviz.backend.piping.pipe(['renderer', 'formatter', 'neato_no_op', 'quiet'])
2023-05-19 10:53:44,645 DEBUG graphviz._tools deprecate positional args: graphviz.backend.rendering.render(['renderer', 'formatter', 'neato_no_op', 'quiet'])
2023-05-19 10:53:44,647 DEBUG graphviz._tools deprecate positional args: graphviz.backend.unflattening.unflatten(['stagger', 'fanout', 'chain', 'encoding'])
2023-05-19 10:53:44,647 DEBUG graphviz._tools deprecate positional args: graphviz.backend.viewing.view(['quiet'])
2023-05-19 10:53:44,651 DEBUG graphviz._tools deprecate positional args: graphviz.quoting.quote(['is_html_string', 'is_valid_id', 'dot_keywords', 'endswith_odd_number_of_backslashes', 'escape_unescaped_quotes'])
2023-05-19 10:53:44,651 DEBUG graphviz._tools deprecate positional args: graphviz.quoting.a_list(['kwargs', 'attributes'])
2023-05-19 10:53:44,651 DEBUG graphviz._tools deprecate positional args: graphviz.quoting.attr_list(['kwargs', 'attributes'])
2023-05-19 10:53:44,651 DEBUG graphviz._tools deprecate positional args: graphviz.dot.Dot.clear(['keep_attrs'])
2023-05-19 10:53:44,651 DEBUG graphviz._tools deprecate positional args: graphviz.dot.Dot.__iter__(['subgraph'])
2023-05-19 10:53:44,651 DEBUG graphviz._tools deprecate positional args: graphviz.dot.Dot.node(['_attributes'])
2023-05-19 10:53:44,651 DEBUG graphviz._tools deprecate positional args: graphviz.dot.Dot.edge(['_attributes'])
2023-05-19 10:53:44,652 DEBUG graphviz._tools deprecate positional args: graphviz.dot.Dot.attr(['_attributes'])
2023-05-19 10:53:44,652 DEBUG graphviz._tools deprecate positional args: graphviz.dot.Dot.subgraph(['name', 'comment', 'graph_attr', 'node_attr', 'edge_attr', 'body'])
2023-05-19 10:53:44,653 DEBUG graphviz._tools deprecate positional args: graphviz.piping.Pipe._pipe_legacy(['renderer', 'formatter', 'neato_no_op', 'quiet'])
2023-05-19 10:53:44,654 DEBUG graphviz._tools deprecate positional args: graphviz.saving.Save.save(['directory'])
2023-05-19 10:53:44,654 DEBUG graphviz._tools deprecate positional args: graphviz.rendering.Render.render(['directory', 'view', 'cleanup', 'format', 'renderer', 'formatter', 'neato_no_op', 'quiet', 'quiet_view'])
2023-05-19 10:53:44,654 DEBUG graphviz._tools deprecate positional args: graphviz.rendering.Render.view(['directory', 'cleanup', 'quiet', 'quiet_view'])
2023-05-19 10:53:44,655 DEBUG graphviz._tools deprecate positional args: graphviz.unflattening.Unflatten.unflatten(['stagger', 'fanout', 'chain'])
2023-05-19 10:53:44,655 DEBUG graphviz._tools deprecate positional args: graphviz.graphs.BaseGraph.__init__(['comment', 'filename', 'directory', 'format', 'engine', 'encoding', 'graph_attr', 'node_attr', 'edge_attr', 'body', 'strict'])
2023-05-19 10:53:44,656 DEBUG graphviz._tools deprecate positional args: graphviz.sources.Source.from_file(['directory', 'format', 'engine', 'encoding', 'renderer', 'formatter'])
2023-05-19 10:53:44,656 DEBUG graphviz._tools deprecate positional args: graphviz.sources.Source.__init__(['filename', 'directory', 'format', 'engine', 'encoding'])
2023-05-19 10:53:44,656 DEBUG graphviz._tools deprecate positional args: graphviz.sources.Source.save(['directory'])
2023-05-19 10:53:46,264 INFO root Data ingestion started
2023-05-19 10:53:46,264 INFO root Dataframe created
2023-05-19 10:53:46,919 INFO root Data ingestion ended
2023-05-19 10:53:46,919 INFO root Data Transformation started
2023-05-19 10:53:46,919 INFO root Calling the ingestion .csv file and Creating a Dataframe 
2023-05-19 10:53:46,937 INFO root Transforming Brand Name
2023-05-19 10:53:46,947 INFO root Transforming Processor 
2023-05-19 10:53:46,951 INFO root Transforming RAM 
2023-05-19 10:53:46,952 INFO root Transforming OS 
2023-05-19 10:53:46,953 INFO root Transforming Storage 
2023-05-19 10:53:46,954 INFO root Transforming Prices 
2023-05-19 10:53:46,969 INFO root Data Transformation ended
2023-05-19 10:53:46,969 INFO root Data Pre_processing started
2023-05-19 10:53:46,969 INFO root Calling the pre-processing .csv file and Creating a Dataframe 
2023-05-19 10:53:46,989 INFO root Naming the columns
2023-05-19 10:53:46,992 INFO root Deleting the rows with count less than 5
2023-05-19 10:53:46,993 INFO root Data information
2023-05-19 10:53:46,993 INFO root  Row :- 1470, Columns:- 6
2023-05-19 10:53:46,997 INFO root Missing Data Number :- brand_name          0
processor_brand    31
ram                 0
os                 33
storage            41
prices             25
dtype: int64
2023-05-19 10:53:46,998 INFO root Missing Data Percentage :- brand_name        0.00
processor_brand   2.11
ram               0.00
os                2.24
storage           2.79
prices            1.70
dtype: float64%
2023-05-19 10:53:46,998 INFO root Index(['Column Namesbrand_name', 'Column Namesprocessor_brand',
       'Column Namesram', 'Column Namesos', 'Column Namesstorage',
       'Column Namesprices'],
      dtype='object')
2023-05-19 10:53:46,998 INFO root Converting Categorical to Numerical
2023-05-19 10:53:46,999 INFO root brand_name Started:- 
2023-05-19 10:53:47,035 INFO root brand_nameEnded ....
2023-05-19 10:53:47,037 INFO root processor_brand Started:- 
2023-05-19 10:53:47,123 INFO root processor_brandEnded ....
2023-05-19 10:53:47,124 INFO root ram Started:- 
2023-05-19 10:53:47,154 INFO root ramEnded ....
2023-05-19 10:53:47,155 INFO root os Started:- 
2023-05-19 10:53:47,188 INFO root osEnded ....
2023-05-19 10:53:47,189 INFO root storage Started:- 
2023-05-19 10:53:47,246 INFO root storageEnded ....
2023-05-19 10:53:47,250 INFO root Taking out null values
2023-05-19 10:53:47,251 INFO root drop the prices
2023-05-19 10:53:47,252 INFO root Imputing the Missing values
2023-05-19 10:53:47,269 INFO root After Imputing the missing values ..............
2023-05-19 10:53:47,269 INFO root  Row :- 1445, Columns:- 6
2023-05-19 10:53:47,270 INFO root Missing Data Number :- brand_name         0
processor_brand    0
ram                0
os                 0
storage            0
prices             0
dtype: int64
2023-05-19 10:53:47,271 INFO root Missing Data Percentage :- brand_name        0.00
processor_brand   0.00
ram               0.00
os                0.00
storage           0.00
prices            0.00
dtype: float64%
2023-05-19 10:53:47,280 INFO root Data Pre-Processing ended
2023-05-19 10:53:47,280 INFO root Data Seprated started
2023-05-19 10:53:47,280 INFO root Seprate x and y data
2023-05-19 10:53:47,288 INFO root Scaling the values
2023-05-19 10:53:47,290 INFO root Spliting the data into 80-20
2023-05-19 10:53:47,296 INFO root Data Seprated ended
