2023-05-19 10:55:32,189 DEBUG matplotlib matplotlib data path: C:\Users\karth\AppData\Roaming\Python\Python310\site-packages\matplotlib\mpl-data
2023-05-19 10:55:32,192 DEBUG matplotlib CONFIGDIR=C:\Users\karth\.matplotlib
2023-05-19 10:55:32,193 DEBUG matplotlib interactive is False
2023-05-19 10:55:32,194 DEBUG matplotlib platform is win32
2023-05-19 10:55:32,211 DEBUG graphviz._tools deprecate positional args: graphviz.backend.piping.pipe(['renderer', 'formatter', 'neato_no_op', 'quiet'])
2023-05-19 10:55:32,212 DEBUG graphviz._tools deprecate positional args: graphviz.backend.rendering.render(['renderer', 'formatter', 'neato_no_op', 'quiet'])
2023-05-19 10:55:32,217 DEBUG graphviz._tools deprecate positional args: graphviz.backend.unflattening.unflatten(['stagger', 'fanout', 'chain', 'encoding'])
2023-05-19 10:55:32,218 DEBUG graphviz._tools deprecate positional args: graphviz.backend.viewing.view(['quiet'])
2023-05-19 10:55:32,222 DEBUG graphviz._tools deprecate positional args: graphviz.quoting.quote(['is_html_string', 'is_valid_id', 'dot_keywords', 'endswith_odd_number_of_backslashes', 'escape_unescaped_quotes'])
2023-05-19 10:55:32,222 DEBUG graphviz._tools deprecate positional args: graphviz.quoting.a_list(['kwargs', 'attributes'])
2023-05-19 10:55:32,222 DEBUG graphviz._tools deprecate positional args: graphviz.quoting.attr_list(['kwargs', 'attributes'])
2023-05-19 10:55:32,222 DEBUG graphviz._tools deprecate positional args: graphviz.dot.Dot.clear(['keep_attrs'])
2023-05-19 10:55:32,222 DEBUG graphviz._tools deprecate positional args: graphviz.dot.Dot.__iter__(['subgraph'])
2023-05-19 10:55:32,222 DEBUG graphviz._tools deprecate positional args: graphviz.dot.Dot.node(['_attributes'])
2023-05-19 10:55:32,222 DEBUG graphviz._tools deprecate positional args: graphviz.dot.Dot.edge(['_attributes'])
2023-05-19 10:55:32,222 DEBUG graphviz._tools deprecate positional args: graphviz.dot.Dot.attr(['_attributes'])
2023-05-19 10:55:32,223 DEBUG graphviz._tools deprecate positional args: graphviz.dot.Dot.subgraph(['name', 'comment', 'graph_attr', 'node_attr', 'edge_attr', 'body'])
2023-05-19 10:55:32,223 DEBUG graphviz._tools deprecate positional args: graphviz.piping.Pipe._pipe_legacy(['renderer', 'formatter', 'neato_no_op', 'quiet'])
2023-05-19 10:55:32,225 DEBUG graphviz._tools deprecate positional args: graphviz.saving.Save.save(['directory'])
2023-05-19 10:55:32,226 DEBUG graphviz._tools deprecate positional args: graphviz.rendering.Render.render(['directory', 'view', 'cleanup', 'format', 'renderer', 'formatter', 'neato_no_op', 'quiet', 'quiet_view'])
2023-05-19 10:55:32,226 DEBUG graphviz._tools deprecate positional args: graphviz.rendering.Render.view(['directory', 'cleanup', 'quiet', 'quiet_view'])
2023-05-19 10:55:32,226 DEBUG graphviz._tools deprecate positional args: graphviz.unflattening.Unflatten.unflatten(['stagger', 'fanout', 'chain'])
2023-05-19 10:55:32,226 DEBUG graphviz._tools deprecate positional args: graphviz.graphs.BaseGraph.__init__(['comment', 'filename', 'directory', 'format', 'engine', 'encoding', 'graph_attr', 'node_attr', 'edge_attr', 'body', 'strict'])
2023-05-19 10:55:32,227 DEBUG graphviz._tools deprecate positional args: graphviz.sources.Source.from_file(['directory', 'format', 'engine', 'encoding', 'renderer', 'formatter'])
2023-05-19 10:55:32,227 DEBUG graphviz._tools deprecate positional args: graphviz.sources.Source.__init__(['filename', 'directory', 'format', 'engine', 'encoding'])
2023-05-19 10:55:32,227 DEBUG graphviz._tools deprecate positional args: graphviz.sources.Source.save(['directory'])
2023-05-19 10:55:33,901 INFO root Data ingestion started
2023-05-19 10:55:33,901 INFO root Dataframe created
2023-05-19 10:55:34,524 INFO root Data ingestion ended
2023-05-19 10:55:34,524 INFO root Data Transformation started
2023-05-19 10:55:34,524 INFO root Calling the ingestion .csv file and Creating a Dataframe 
2023-05-19 10:55:34,549 INFO root Transforming Brand Name
2023-05-19 10:55:34,560 INFO root Transforming Processor 
2023-05-19 10:55:34,566 INFO root Transforming RAM 
2023-05-19 10:55:34,569 INFO root Transforming OS 
2023-05-19 10:55:34,570 INFO root Transforming Storage 
2023-05-19 10:55:34,571 INFO root Transforming Prices 
2023-05-19 10:55:34,584 INFO root Data Transformation ended
2023-05-19 10:55:34,584 INFO root Data Pre_processing started
2023-05-19 10:55:34,584 INFO root Calling the pre-processing .csv file and Creating a Dataframe 
2023-05-19 10:55:34,609 INFO root Naming the columns
2023-05-19 10:55:34,610 INFO root Deleting the rows with count less than 5
2023-05-19 10:55:34,610 INFO root Data information
2023-05-19 10:55:34,610 INFO root  Row :- 1470, Columns:- 6
2023-05-19 10:55:34,612 INFO root Missing Data Number :- brand_name          0
processor_brand    31
ram                 0
os                 33
storage            41
prices             25
dtype: int64
2023-05-19 10:55:34,613 INFO root Missing Data Percentage :- brand_name        0.00
processor_brand   2.11
ram               0.00
os                2.24
storage           2.79
prices            1.70
dtype: float64%
2023-05-19 10:55:34,613 INFO root Index(['Column Namesbrand_name', 'Column Namesprocessor_brand',
       'Column Namesram', 'Column Namesos', 'Column Namesstorage',
       'Column Namesprices'],
      dtype='object')
2023-05-19 10:55:34,613 INFO root Converting Categorical to Numerical
2023-05-19 10:55:34,616 INFO root brand_name Started:- 
2023-05-19 10:55:34,645 INFO root brand_nameEnded ....
2023-05-19 10:55:34,655 INFO root processor_brand Started:- 
2023-05-19 10:55:34,744 INFO root processor_brandEnded ....
2023-05-19 10:55:34,759 INFO root ram Started:- 
2023-05-19 10:55:34,789 INFO root ramEnded ....
2023-05-19 10:55:34,794 INFO root os Started:- 
2023-05-19 10:55:34,821 INFO root osEnded ....
2023-05-19 10:55:34,827 INFO root storage Started:- 
2023-05-19 10:55:34,878 INFO root storageEnded ....
2023-05-19 10:55:34,891 INFO root Taking out null values
2023-05-19 10:55:34,893 INFO root drop the prices
2023-05-19 10:55:34,896 INFO root Imputing the Missing values
2023-05-19 10:55:34,917 INFO root After Imputing the missing values ..............
2023-05-19 10:55:34,917 INFO root  Row :- 1445, Columns:- 6
2023-05-19 10:55:34,919 INFO root Missing Data Number :- brand_name         0
processor_brand    0
ram                0
os                 0
storage            0
prices             0
dtype: int64
2023-05-19 10:55:34,920 INFO root Missing Data Percentage :- brand_name        0.00
processor_brand   0.00
ram               0.00
os                0.00
storage           0.00
prices            0.00
dtype: float64%
2023-05-19 10:55:34,928 INFO root Data Pre-Processing ended
2023-05-19 10:55:34,928 INFO root Data Seprated started
2023-05-19 10:55:34,928 INFO root Seprate x and y data
2023-05-19 10:55:34,939 INFO root Scaling the values
2023-05-19 10:55:34,942 INFO root Spliting the data into 80-20
2023-05-19 10:55:34,949 INFO root Data Seprated ended
