2023-05-19 10:22:04,870 DEBUG matplotlib matplotlib data path: C:\Users\karth\AppData\Roaming\Python\Python310\site-packages\matplotlib\mpl-data
2023-05-19 10:22:04,874 DEBUG matplotlib CONFIGDIR=C:\Users\karth\.matplotlib
2023-05-19 10:22:04,875 DEBUG matplotlib interactive is False
2023-05-19 10:22:04,875 DEBUG matplotlib platform is win32
2023-05-19 10:22:04,895 DEBUG graphviz._tools deprecate positional args: graphviz.backend.piping.pipe(['renderer', 'formatter', 'neato_no_op', 'quiet'])
2023-05-19 10:22:04,896 DEBUG graphviz._tools deprecate positional args: graphviz.backend.rendering.render(['renderer', 'formatter', 'neato_no_op', 'quiet'])
2023-05-19 10:22:04,898 DEBUG graphviz._tools deprecate positional args: graphviz.backend.unflattening.unflatten(['stagger', 'fanout', 'chain', 'encoding'])
2023-05-19 10:22:04,899 DEBUG graphviz._tools deprecate positional args: graphviz.backend.viewing.view(['quiet'])
2023-05-19 10:22:04,903 DEBUG graphviz._tools deprecate positional args: graphviz.quoting.quote(['is_html_string', 'is_valid_id', 'dot_keywords', 'endswith_odd_number_of_backslashes', 'escape_unescaped_quotes'])
2023-05-19 10:22:04,903 DEBUG graphviz._tools deprecate positional args: graphviz.quoting.a_list(['kwargs', 'attributes'])
2023-05-19 10:22:04,903 DEBUG graphviz._tools deprecate positional args: graphviz.quoting.attr_list(['kwargs', 'attributes'])
2023-05-19 10:22:04,903 DEBUG graphviz._tools deprecate positional args: graphviz.dot.Dot.clear(['keep_attrs'])
2023-05-19 10:22:04,903 DEBUG graphviz._tools deprecate positional args: graphviz.dot.Dot.__iter__(['subgraph'])
2023-05-19 10:22:04,903 DEBUG graphviz._tools deprecate positional args: graphviz.dot.Dot.node(['_attributes'])
2023-05-19 10:22:04,903 DEBUG graphviz._tools deprecate positional args: graphviz.dot.Dot.edge(['_attributes'])
2023-05-19 10:22:04,903 DEBUG graphviz._tools deprecate positional args: graphviz.dot.Dot.attr(['_attributes'])
2023-05-19 10:22:04,903 DEBUG graphviz._tools deprecate positional args: graphviz.dot.Dot.subgraph(['name', 'comment', 'graph_attr', 'node_attr', 'edge_attr', 'body'])
2023-05-19 10:22:04,905 DEBUG graphviz._tools deprecate positional args: graphviz.piping.Pipe._pipe_legacy(['renderer', 'formatter', 'neato_no_op', 'quiet'])
2023-05-19 10:22:04,907 DEBUG graphviz._tools deprecate positional args: graphviz.saving.Save.save(['directory'])
2023-05-19 10:22:04,907 DEBUG graphviz._tools deprecate positional args: graphviz.rendering.Render.render(['directory', 'view', 'cleanup', 'format', 'renderer', 'formatter', 'neato_no_op', 'quiet', 'quiet_view'])
2023-05-19 10:22:04,907 DEBUG graphviz._tools deprecate positional args: graphviz.rendering.Render.view(['directory', 'cleanup', 'quiet', 'quiet_view'])
2023-05-19 10:22:04,909 DEBUG graphviz._tools deprecate positional args: graphviz.unflattening.Unflatten.unflatten(['stagger', 'fanout', 'chain'])
2023-05-19 10:22:04,909 DEBUG graphviz._tools deprecate positional args: graphviz.graphs.BaseGraph.__init__(['comment', 'filename', 'directory', 'format', 'engine', 'encoding', 'graph_attr', 'node_attr', 'edge_attr', 'body', 'strict'])
2023-05-19 10:22:04,910 DEBUG graphviz._tools deprecate positional args: graphviz.sources.Source.from_file(['directory', 'format', 'engine', 'encoding', 'renderer', 'formatter'])
2023-05-19 10:22:04,910 DEBUG graphviz._tools deprecate positional args: graphviz.sources.Source.__init__(['filename', 'directory', 'format', 'engine', 'encoding'])
2023-05-19 10:22:04,910 DEBUG graphviz._tools deprecate positional args: graphviz.sources.Source.save(['directory'])
2023-05-19 10:22:06,269 INFO root Data ingestion started
2023-05-19 10:22:06,270 INFO root Dataframe created
2023-05-19 10:22:06,840 INFO root Data ingestion ended
2023-05-19 10:22:06,840 INFO root Data Transformation started
2023-05-19 10:22:06,841 INFO root Calling the ingestion .csv file and Creating a Dataframe 
2023-05-19 10:22:06,854 INFO root Transforming Brand Name
2023-05-19 10:22:06,862 INFO root Transforming Processor 
2023-05-19 10:22:06,867 INFO root Transforming RAM 
2023-05-19 10:22:06,869 INFO root Transforming OS 
2023-05-19 10:22:06,872 INFO root Transforming Storage 
2023-05-19 10:22:06,873 INFO root Transforming Prices 
2023-05-19 10:22:06,884 INFO root Data Transformation ended
2023-05-19 10:22:06,884 INFO root Data Pre_processing started
2023-05-19 10:22:06,884 INFO root Calling the pre-processing .csv file and Creating a Dataframe 
2023-05-19 10:22:06,896 INFO root Naming the columns
2023-05-19 10:22:06,897 INFO root Deleting the rows with count less than 5
2023-05-19 10:22:06,897 INFO root Data information
2023-05-19 10:22:06,897 INFO root  Row :- 1470, Columns:- 6
2023-05-19 10:22:06,899 INFO root Missing Data Number :- brand_name          0
processor_brand    31
ram                 0
os                 33
storage            41
prices             25
dtype: int64
2023-05-19 10:22:06,900 INFO root Missing Data Percentage :- brand_name        0.00
processor_brand   2.11
ram               0.00
os                2.24
storage           2.79
prices            1.70
dtype: float64%
2023-05-19 10:22:06,900 INFO root Index(['Column Namesbrand_name', 'Column Namesprocessor_brand',
       'Column Namesram', 'Column Namesos', 'Column Namesstorage',
       'Column Namesprices'],
      dtype='object')
2023-05-19 10:22:06,900 INFO root Converting Categorical to Numerical
2023-05-19 10:22:06,900 INFO root brand_name Started:- 
2023-05-19 10:22:06,927 INFO root brand_nameEnded ....
2023-05-19 10:22:06,928 INFO root processor_brand Started:- 
2023-05-19 10:22:06,995 INFO root processor_brandEnded ....
2023-05-19 10:22:06,996 INFO root ram Started:- 
2023-05-19 10:22:07,019 INFO root ramEnded ....
2023-05-19 10:22:07,020 INFO root os Started:- 
2023-05-19 10:22:07,039 INFO root osEnded ....
2023-05-19 10:22:07,039 INFO root storage Started:- 
2023-05-19 10:22:07,074 INFO root storageEnded ....
2023-05-19 10:22:07,076 INFO root Taking out null values
2023-05-19 10:22:07,077 INFO root drop the prices
2023-05-19 10:22:07,079 INFO root Imputing the Missing values
2023-05-19 10:22:07,091 INFO root After Imputing the missing values ..............
2023-05-19 10:22:07,091 INFO root  Row :- 1445, Columns:- 6
2023-05-19 10:22:07,092 INFO root Missing Data Number :- brand_name         0
processor_brand    0
ram                0
os                 0
storage            0
prices             0
dtype: int64
2023-05-19 10:22:07,093 INFO root Missing Data Percentage :- brand_name        0.00
processor_brand   0.00
ram               0.00
os                0.00
storage           0.00
prices            0.00
dtype: float64%
2023-05-19 10:22:07,105 INFO root Data Pre-Processing ended
2023-05-19 10:22:07,105 INFO root Data Seprated started
2023-05-19 10:22:07,105 INFO root Seprate x and y data
2023-05-19 10:22:07,112 INFO root Scaling the values
2023-05-19 10:22:07,114 INFO root Spliting the data into 80-20
2023-05-19 10:22:07,117 INFO root Data Seprated ended
