2023-05-19 19:37:40,609 DEBUG matplotlib matplotlib data path: C:\Users\karth\AppData\Roaming\Python\Python310\site-packages\matplotlib\mpl-data
2023-05-19 19:37:40,624 DEBUG matplotlib CONFIGDIR=C:\Users\karth\.matplotlib
2023-05-19 19:37:40,626 DEBUG matplotlib interactive is False
2023-05-19 19:37:40,626 DEBUG matplotlib platform is win32
2023-05-19 19:37:40,654 DEBUG graphviz._tools deprecate positional args: graphviz.backend.piping.pipe(['renderer', 'formatter', 'neato_no_op', 'quiet'])
2023-05-19 19:37:40,655 DEBUG graphviz._tools deprecate positional args: graphviz.backend.rendering.render(['renderer', 'formatter', 'neato_no_op', 'quiet'])
2023-05-19 19:37:40,657 DEBUG graphviz._tools deprecate positional args: graphviz.backend.unflattening.unflatten(['stagger', 'fanout', 'chain', 'encoding'])
2023-05-19 19:37:40,657 DEBUG graphviz._tools deprecate positional args: graphviz.backend.viewing.view(['quiet'])
2023-05-19 19:37:40,662 DEBUG graphviz._tools deprecate positional args: graphviz.quoting.quote(['is_html_string', 'is_valid_id', 'dot_keywords', 'endswith_odd_number_of_backslashes', 'escape_unescaped_quotes'])
2023-05-19 19:37:40,662 DEBUG graphviz._tools deprecate positional args: graphviz.quoting.a_list(['kwargs', 'attributes'])
2023-05-19 19:37:40,662 DEBUG graphviz._tools deprecate positional args: graphviz.quoting.attr_list(['kwargs', 'attributes'])
2023-05-19 19:37:40,662 DEBUG graphviz._tools deprecate positional args: graphviz.dot.Dot.clear(['keep_attrs'])
2023-05-19 19:37:40,663 DEBUG graphviz._tools deprecate positional args: graphviz.dot.Dot.__iter__(['subgraph'])
2023-05-19 19:37:40,663 DEBUG graphviz._tools deprecate positional args: graphviz.dot.Dot.node(['_attributes'])
2023-05-19 19:37:40,663 DEBUG graphviz._tools deprecate positional args: graphviz.dot.Dot.edge(['_attributes'])
2023-05-19 19:37:40,663 DEBUG graphviz._tools deprecate positional args: graphviz.dot.Dot.attr(['_attributes'])
2023-05-19 19:37:40,663 DEBUG graphviz._tools deprecate positional args: graphviz.dot.Dot.subgraph(['name', 'comment', 'graph_attr', 'node_attr', 'edge_attr', 'body'])
2023-05-19 19:37:40,665 DEBUG graphviz._tools deprecate positional args: graphviz.piping.Pipe._pipe_legacy(['renderer', 'formatter', 'neato_no_op', 'quiet'])
2023-05-19 19:37:40,666 DEBUG graphviz._tools deprecate positional args: graphviz.saving.Save.save(['directory'])
2023-05-19 19:37:40,666 DEBUG graphviz._tools deprecate positional args: graphviz.rendering.Render.render(['directory', 'view', 'cleanup', 'format', 'renderer', 'formatter', 'neato_no_op', 'quiet', 'quiet_view'])
2023-05-19 19:37:40,666 DEBUG graphviz._tools deprecate positional args: graphviz.rendering.Render.view(['directory', 'cleanup', 'quiet', 'quiet_view'])
2023-05-19 19:37:40,668 DEBUG graphviz._tools deprecate positional args: graphviz.unflattening.Unflatten.unflatten(['stagger', 'fanout', 'chain'])
2023-05-19 19:37:40,668 DEBUG graphviz._tools deprecate positional args: graphviz.graphs.BaseGraph.__init__(['comment', 'filename', 'directory', 'format', 'engine', 'encoding', 'graph_attr', 'node_attr', 'edge_attr', 'body', 'strict'])
2023-05-19 19:37:40,669 DEBUG graphviz._tools deprecate positional args: graphviz.sources.Source.from_file(['directory', 'format', 'engine', 'encoding', 'renderer', 'formatter'])
2023-05-19 19:37:40,669 DEBUG graphviz._tools deprecate positional args: graphviz.sources.Source.__init__(['filename', 'directory', 'format', 'engine', 'encoding'])
2023-05-19 19:37:40,669 DEBUG graphviz._tools deprecate positional args: graphviz.sources.Source.save(['directory'])
2023-05-19 19:37:43,328 INFO root Data ingestion started
2023-05-19 19:37:43,328 INFO root Dataframe created
2023-05-19 19:37:43,979 INFO root Data ingestion ended
2023-05-19 19:37:43,979 INFO root Data Transformation started
2023-05-19 19:37:43,979 INFO root Calling the ingestion .csv file and Creating a Dataframe 
2023-05-19 19:37:44,009 INFO root Transforming Brand Name
2023-05-19 19:37:44,020 INFO root Transforming Processor 
2023-05-19 19:37:44,024 INFO root Transforming RAM 
2023-05-19 19:37:44,025 INFO root Transforming OS 
2023-05-19 19:37:44,026 INFO root Transforming Storage 
2023-05-19 19:37:44,028 INFO root Transforming Prices 
2023-05-19 19:37:44,039 INFO root Data Transformation ended
2023-05-19 19:37:44,039 INFO root Data Pre_processing started
2023-05-19 19:37:44,040 INFO root Calling the pre-processing .csv file and Creating a Dataframe 
2023-05-19 19:37:44,058 INFO root Naming the columns
2023-05-19 19:37:44,060 INFO root Deleting the rows with count less than 5
2023-05-19 19:37:44,060 INFO root Data information
2023-05-19 19:37:44,060 INFO root  Row :- 1470, Columns:- 6
2023-05-19 19:37:44,065 INFO root Missing Data Number :- brand_name          0
processor_brand    31
ram                 0
os                 33
storage            41
prices             25
dtype: int64
2023-05-19 19:37:44,066 INFO root Missing Data Percentage :- brand_name        0.00
processor_brand   2.11
ram               0.00
os                2.24
storage           2.79
prices            1.70
dtype: float64%
2023-05-19 19:37:44,066 INFO root Index(['Column Namesbrand_name', 'Column Namesprocessor_brand',
       'Column Namesram', 'Column Namesos', 'Column Namesstorage',
       'Column Namesprices'],
      dtype='object')
2023-05-19 19:37:44,066 INFO root Converting Categorical to Numerical
2023-05-19 19:37:44,067 INFO root brand_name Started:- 
2023-05-19 19:37:44,097 INFO root brand_nameEnded ....
2023-05-19 19:37:44,108 INFO root processor_brand Started:- 
2023-05-19 19:37:44,200 INFO root processor_brandEnded ....
2023-05-19 19:37:44,212 INFO root ram Started:- 
2023-05-19 19:37:44,241 INFO root ramEnded ....
2023-05-19 19:37:44,247 INFO root os Started:- 
2023-05-19 19:37:44,273 INFO root osEnded ....
2023-05-19 19:37:44,282 INFO root storage Started:- 
2023-05-19 19:37:44,331 INFO root storageEnded ....
2023-05-19 19:37:44,345 INFO root Taking out null values
2023-05-19 19:37:44,349 INFO root drop the prices
2023-05-19 19:37:44,351 INFO root Imputing the Missing values
2023-05-19 19:37:44,370 INFO root After Imputing the missing values ..............
2023-05-19 19:37:44,370 INFO root  Row :- 1445, Columns:- 6
2023-05-19 19:37:44,371 INFO root Missing Data Number :- brand_name         0
processor_brand    0
ram                0
os                 0
storage            0
prices             0
dtype: int64
2023-05-19 19:37:44,372 INFO root Missing Data Percentage :- brand_name        0.00
processor_brand   0.00
ram               0.00
os                0.00
storage           0.00
prices            0.00
dtype: float64%
2023-05-19 19:37:44,384 INFO root Data Pre-Processing ended
2023-05-19 19:37:44,384 INFO root Data Seprated started
2023-05-19 19:37:44,384 INFO root Seprate x and y data
2023-05-19 19:37:44,391 INFO root Scaling the values
2023-05-19 19:37:44,394 INFO root Spliting the data into 80-20
2023-05-19 19:37:44,398 INFO root Data Seprated ended
2023-05-19 19:37:46,975 INFO root Model_analysis started
2023-05-19 19:37:54,943 DEBUG matplotlib CACHEDIR=C:\Users\karth\.matplotlib
2023-05-19 19:37:54,955 DEBUG matplotlib.font_manager Using fontManager instance from C:\Users\karth\.matplotlib\fontlist-v330.json
2023-05-19 19:37:58,084 DEBUG root initializing neural network...
2023-05-19 19:37:58,084 DEBUG root initialized
2023-05-19 19:38:11,238 INFO root Sttoring the model Object
2023-05-19 19:38:11,239 INFO root Model_analysis ended
2023-05-19 19:38:11,260 INFO werkzeug [31m[1mWARNING: This is a development server. Do not use it in a production deployment. Use a production WSGI server instead.[0m
 * Running on http://127.0.0.1:5000
2023-05-19 19:38:11,260 INFO werkzeug [33mPress CTRL+C to quit[0m
2023-05-19 19:38:17,263 ERROR Flask_LaptopPricePrediction.app Exception on / [GET]
Traceback (most recent call last):
  File "C:\Users\karth\AppData\Roaming\Python\Python310\site-packages\flask\app.py", line 2190, in wsgi_app
    response = self.full_dispatch_request()
  File "C:\Users\karth\AppData\Roaming\Python\Python310\site-packages\flask\app.py", line 1486, in full_dispatch_request
    rv = self.handle_user_exception(e)
  File "C:\Users\karth\AppData\Roaming\Python\Python310\site-packages\flask\app.py", line 1484, in full_dispatch_request
    rv = self.dispatch_request()
  File "C:\Users\karth\AppData\Roaming\Python\Python310\site-packages\flask\app.py", line 1469, in dispatch_request
    return self.ensure_sync(self.view_functions[rule.endpoint])(**view_args)
  File "C:\Users\karth\OneDrive\Documents\Laptop_Price_Prediction_Project\Flask_LaptopPricePrediction\app.py", line 32, in index
    return render_template('index.html',json_data=json_data,list_of_columns=list_of_columns)
  File "C:\Users\karth\AppData\Roaming\Python\Python310\site-packages\flask\templating.py", line 150, in render_template
    template = app.jinja_env.get_or_select_template(template_name_or_list)
  File "C:\Users\karth\AppData\Roaming\Python\Python310\site-packages\jinja2\environment.py", line 1081, in get_or_select_template
    return self.get_template(template_name_or_list, parent, globals)
  File "C:\Users\karth\AppData\Roaming\Python\Python310\site-packages\jinja2\environment.py", line 1010, in get_template
    return self._load_template(name, globals)
  File "C:\Users\karth\AppData\Roaming\Python\Python310\site-packages\jinja2\environment.py", line 969, in _load_template
    template = self.loader.load(self, name, self.make_globals(globals))
  File "C:\Users\karth\AppData\Roaming\Python\Python310\site-packages\jinja2\loaders.py", line 138, in load
    code = environment.compile(source, name, filename)
  File "C:\Users\karth\AppData\Roaming\Python\Python310\site-packages\jinja2\environment.py", line 768, in compile
    self.handle_exception(source=source_hint)
  File "C:\Users\karth\AppData\Roaming\Python\Python310\site-packages\jinja2\environment.py", line 936, in handle_exception
    raise rewrite_traceback_stack(source=source)
  File "C:\Users\karth\OneDrive\Documents\Laptop_Price_Prediction_Project\Flask_LaptopPricePrediction\templates\index.html", line 137, in template
    {{processor_brand=pd.Dataframe(json_data['processor_brand'])}}
jinja2.exceptions.TemplateSyntaxError: expected token 'end of print statement', got '='
2023-05-19 19:38:17,283 INFO werkzeug 127.0.0.1 - - [19/May/2023 19:38:17] "[35m[1mGET / HTTP/1.1[0m" 500 -
