2023-05-19 22:15:47,327 DEBUG matplotlib matplotlib data path: C:\Users\karth\AppData\Roaming\Python\Python310\site-packages\matplotlib\mpl-data
2023-05-19 22:15:47,332 DEBUG matplotlib CONFIGDIR=C:\Users\karth\.matplotlib
2023-05-19 22:15:47,333 DEBUG matplotlib interactive is False
2023-05-19 22:15:47,333 DEBUG matplotlib platform is win32
2023-05-19 22:15:47,352 DEBUG graphviz._tools deprecate positional args: graphviz.backend.piping.pipe(['renderer', 'formatter', 'neato_no_op', 'quiet'])
2023-05-19 22:15:47,353 DEBUG graphviz._tools deprecate positional args: graphviz.backend.rendering.render(['renderer', 'formatter', 'neato_no_op', 'quiet'])
2023-05-19 22:15:47,356 DEBUG graphviz._tools deprecate positional args: graphviz.backend.unflattening.unflatten(['stagger', 'fanout', 'chain', 'encoding'])
2023-05-19 22:15:47,356 DEBUG graphviz._tools deprecate positional args: graphviz.backend.viewing.view(['quiet'])
2023-05-19 22:15:47,360 DEBUG graphviz._tools deprecate positional args: graphviz.quoting.quote(['is_html_string', 'is_valid_id', 'dot_keywords', 'endswith_odd_number_of_backslashes', 'escape_unescaped_quotes'])
2023-05-19 22:15:47,360 DEBUG graphviz._tools deprecate positional args: graphviz.quoting.a_list(['kwargs', 'attributes'])
2023-05-19 22:15:47,360 DEBUG graphviz._tools deprecate positional args: graphviz.quoting.attr_list(['kwargs', 'attributes'])
2023-05-19 22:15:47,361 DEBUG graphviz._tools deprecate positional args: graphviz.dot.Dot.clear(['keep_attrs'])
2023-05-19 22:15:47,361 DEBUG graphviz._tools deprecate positional args: graphviz.dot.Dot.__iter__(['subgraph'])
2023-05-19 22:15:47,361 DEBUG graphviz._tools deprecate positional args: graphviz.dot.Dot.node(['_attributes'])
2023-05-19 22:15:47,361 DEBUG graphviz._tools deprecate positional args: graphviz.dot.Dot.edge(['_attributes'])
2023-05-19 22:15:47,361 DEBUG graphviz._tools deprecate positional args: graphviz.dot.Dot.attr(['_attributes'])
2023-05-19 22:15:47,361 DEBUG graphviz._tools deprecate positional args: graphviz.dot.Dot.subgraph(['name', 'comment', 'graph_attr', 'node_attr', 'edge_attr', 'body'])
2023-05-19 22:15:47,362 DEBUG graphviz._tools deprecate positional args: graphviz.piping.Pipe._pipe_legacy(['renderer', 'formatter', 'neato_no_op', 'quiet'])
2023-05-19 22:15:47,364 DEBUG graphviz._tools deprecate positional args: graphviz.saving.Save.save(['directory'])
2023-05-19 22:15:47,364 DEBUG graphviz._tools deprecate positional args: graphviz.rendering.Render.render(['directory', 'view', 'cleanup', 'format', 'renderer', 'formatter', 'neato_no_op', 'quiet', 'quiet_view'])
2023-05-19 22:15:47,364 DEBUG graphviz._tools deprecate positional args: graphviz.rendering.Render.view(['directory', 'cleanup', 'quiet', 'quiet_view'])
2023-05-19 22:15:47,365 DEBUG graphviz._tools deprecate positional args: graphviz.unflattening.Unflatten.unflatten(['stagger', 'fanout', 'chain'])
2023-05-19 22:15:47,365 DEBUG graphviz._tools deprecate positional args: graphviz.graphs.BaseGraph.__init__(['comment', 'filename', 'directory', 'format', 'engine', 'encoding', 'graph_attr', 'node_attr', 'edge_attr', 'body', 'strict'])
2023-05-19 22:15:47,366 DEBUG graphviz._tools deprecate positional args: graphviz.sources.Source.from_file(['directory', 'format', 'engine', 'encoding', 'renderer', 'formatter'])
2023-05-19 22:15:47,366 DEBUG graphviz._tools deprecate positional args: graphviz.sources.Source.__init__(['filename', 'directory', 'format', 'engine', 'encoding'])
2023-05-19 22:15:47,366 DEBUG graphviz._tools deprecate positional args: graphviz.sources.Source.save(['directory'])
2023-05-19 22:15:48,951 INFO root Data ingestion started
2023-05-19 22:15:48,951 INFO root Dataframe created
2023-05-19 22:15:49,552 INFO root Data ingestion ended
2023-05-19 22:15:49,553 INFO root Data Transformation started
2023-05-19 22:15:49,553 INFO root Calling the ingestion .csv file and Creating a Dataframe 
2023-05-19 22:15:49,567 INFO root Transforming Brand Name
2023-05-19 22:15:49,577 INFO root Transforming Processor 
2023-05-19 22:15:49,581 INFO root Transforming RAM 
2023-05-19 22:15:49,583 INFO root Transforming OS 
2023-05-19 22:15:49,584 INFO root Transforming Storage 
2023-05-19 22:15:49,585 INFO root Transforming Prices 
2023-05-19 22:15:49,596 INFO root Data Transformation ended
2023-05-19 22:15:49,597 INFO root Data Pre_processing started
2023-05-19 22:15:49,597 INFO root Calling the pre-processing .csv file and Creating a Dataframe 
2023-05-19 22:15:49,608 INFO root Naming the columns
2023-05-19 22:15:49,609 INFO root Deleting the rows with count less than 5
2023-05-19 22:15:49,609 INFO root Data information
2023-05-19 22:15:49,609 INFO root  Row :- 1470, Columns:- 6
2023-05-19 22:15:49,613 INFO root Missing Data Number :- brand_name          0
processor_brand    31
ram                 0
os                 33
storage            41
prices             25
dtype: int64
2023-05-19 22:15:49,614 INFO root Missing Data Percentage :- brand_name        0.00
processor_brand   2.11
ram               0.00
os                2.24
storage           2.79
prices            1.70
dtype: float64%
2023-05-19 22:15:49,615 INFO root Index(['Column Namesbrand_name', 'Column Namesprocessor_brand',
       'Column Namesram', 'Column Namesos', 'Column Namesstorage',
       'Column Namesprices'],
      dtype='object')
2023-05-19 22:15:49,615 INFO root Converting Categorical to Numerical
2023-05-19 22:15:49,615 INFO root brand_name Started:- 
2023-05-19 22:15:49,640 INFO root brand_nameEnded ....
2023-05-19 22:15:49,648 INFO root processor_brand Started:- 
2023-05-19 22:15:49,729 INFO root processor_brandEnded ....
2023-05-19 22:15:49,744 INFO root ram Started:- 
2023-05-19 22:15:49,769 INFO root ramEnded ....
2023-05-19 22:15:49,794 INFO root os Started:- 
2023-05-19 22:15:49,861 INFO root osEnded ....
2023-05-19 22:15:49,866 INFO root storage Started:- 
2023-05-19 22:15:49,917 INFO root storageEnded ....
2023-05-19 22:15:49,932 INFO root Taking out null values
2023-05-19 22:15:49,933 INFO root drop the prices
2023-05-19 22:15:49,934 INFO root Imputing the Missing values
2023-05-19 22:15:49,951 INFO root After Imputing the missing values ..............
2023-05-19 22:15:49,951 INFO root  Row :- 1445, Columns:- 6
2023-05-19 22:15:49,952 INFO root Missing Data Number :- brand_name         0
processor_brand    0
ram                0
os                 0
storage            0
prices             0
dtype: int64
2023-05-19 22:15:49,952 INFO root Missing Data Percentage :- brand_name        0.00
processor_brand   0.00
ram               0.00
os                0.00
storage           0.00
prices            0.00
dtype: float64%
2023-05-19 22:15:49,965 INFO root Data Pre-Processing ended
2023-05-19 22:15:49,965 INFO root Data Seprated started
2023-05-19 22:15:49,965 INFO root Seprate x and y data
2023-05-19 22:15:49,974 INFO root Scaling the values
2023-05-19 22:15:49,978 INFO root Spliting the data into 80-20
2023-05-19 22:15:49,983 INFO root Data Seprated ended
2023-05-19 22:16:03,251 INFO root Model_analysis started
2023-05-19 22:16:10,897 DEBUG matplotlib CACHEDIR=C:\Users\karth\.matplotlib
2023-05-19 22:16:10,901 DEBUG matplotlib.font_manager Using fontManager instance from C:\Users\karth\.matplotlib\fontlist-v330.json
2023-05-19 22:16:13,914 DEBUG root initializing neural network...
2023-05-19 22:16:13,915 DEBUG root initialized
2023-05-19 22:16:25,146 INFO root Sttoring the model Object
2023-05-19 22:16:25,149 INFO root Model_analysis ended
2023-05-19 22:16:25,178 INFO werkzeug [31m[1mWARNING: This is a development server. Do not use it in a production deployment. Use a production WSGI server instead.[0m
 * Running on http://127.0.0.1:5000
2023-05-19 22:16:25,178 INFO werkzeug [33mPress CTRL+C to quit[0m
2023-05-19 22:16:25,286 INFO werkzeug 127.0.0.1 - - [19/May/2023 22:16:25] "GET / HTTP/1.1" 200 -
2023-05-19 22:16:25,507 INFO werkzeug 127.0.0.1 - - [19/May/2023 22:16:25] "[36mGET /static/img/pngtree-top-view-background-of-desktop-with-electronic-devices-and-laptop-image_307721.jpg HTTP/1.1[0m" 304 -
2023-05-20 13:29:53,554 INFO werkzeug 127.0.0.1 - - [20/May/2023 13:29:53] "GET / HTTP/1.1" 200 -
2023-05-20 13:29:53,639 INFO werkzeug 127.0.0.1 - - [20/May/2023 13:29:53] "[36mGET /static/img/pngtree-top-view-background-of-desktop-with-electronic-devices-and-laptop-image_307721.jpg HTTP/1.1[0m" 304 -
